0 info it worked if it ends with ok
1 verbose cli [ '/usr/bin/nodejs', '/usr/bin/npm', 'run', 'serve' ]
2 info using npm@3.5.2
3 info using node@v4.2.6
4 verbose run-script [ 'preserve', 'serve', 'postserve' ]
5 info lifecycle mgrweb@0.1.0~preserve: mgrweb@0.1.0
6 silly lifecycle mgrweb@0.1.0~preserve: no script for preserve, continuing
7 info lifecycle mgrweb@0.1.0~serve: mgrweb@0.1.0
8 verbose lifecycle mgrweb@0.1.0~serve: unsafe-perm in lifecycle true
9 verbose lifecycle mgrweb@0.1.0~serve: PATH: /usr/share/npm/bin/node-gyp-bin:/home/xupeng/work/src/gitlab.100bm.cn/micro-plat/oms/mgrsys/oms-web/node_modules/.bin:/home/xupeng/bin:/home/xupeng/.local/bin:/usr/local/java/bin:/home/xupeng/bin:/home/xupeng/.local/bin:/usr/local/java/bin:/usr/local/sbin:/usr/local/bin:/usr/sbin:/usr/bin:/sbin:/bin:/usr/games:/usr/local/games:/snap/bin:/usr/local/go/bin:/usr/local/go:/home/xupeng/work/bin:/usr/local/instantclient_12_1:/usr/local/go/bin:/usr/local/go:/home/xupeng/work/bin:/usr/local/instantclient_12_1
10 verbose lifecycle mgrweb@0.1.0~serve: CWD: /home/xupeng/work/src/gitlab.100bm.cn/micro-plat/oms/mgrsys/oms-web
11 silly lifecycle mgrweb@0.1.0~serve: Args: [ '-c', 'vue-cli-service serve --mode dev' ]
12 silly lifecycle mgrweb@0.1.0~serve: Returned: code: 1  signal: null
13 info lifecycle mgrweb@0.1.0~serve: Failed to exec serve script
14 verbose stack Error: mgrweb@0.1.0 serve: `vue-cli-service serve --mode dev`
14 verbose stack Exit status 1
14 verbose stack     at EventEmitter.<anonymous> (/usr/share/npm/lib/utils/lifecycle.js:232:16)
14 verbose stack     at emitTwo (events.js:87:13)
14 verbose stack     at EventEmitter.emit (events.js:172:7)
14 verbose stack     at ChildProcess.<anonymous> (/usr/share/npm/lib/utils/spawn.js:24:14)
14 verbose stack     at emitTwo (events.js:87:13)
14 verbose stack     at ChildProcess.emit (events.js:172:7)
14 verbose stack     at maybeClose (internal/child_process.js:821:16)
14 verbose stack     at Process.ChildProcess._handle.onexit (internal/child_process.js:211:5)
15 verbose pkgid mgrweb@0.1.0
16 verbose cwd /home/xupeng/work/src/gitlab.100bm.cn/micro-plat/oms/mgrsys/oms-web
17 error Linux 4.15.0-72-generic
18 error argv "/usr/bin/nodejs" "/usr/bin/npm" "run" "serve"
19 error node v4.2.6
20 error npm  v3.5.2
21 error code ELIFECYCLE
22 error mgrweb@0.1.0 serve: `vue-cli-service serve --mode dev`
22 error Exit status 1
23 error Failed at the mgrweb@0.1.0 serve script 'vue-cli-service serve --mode dev'.
23 error Make sure you have the latest version of node.js and npm installed.
23 error If you do, this is most likely a problem with the mgrweb package,
23 error not with npm itself.
23 error Tell the author that this fails on your system:
23 error     vue-cli-service serve --mode dev
23 error You can get information on how to open an issue for this project with:
23 error     npm bugs mgrweb
23 error Or if that isn't available, you can get their info via:
23 error     npm owner ls mgrweb
23 error There is likely additional logging output above.
24 verbose exit [ 1, true ]
